<?xml version="1.0" encoding="UTF-8"?>
<!-- Generated by org.testng.reporters.JUnitReportReporter -->
<testsuite name="com.qa.test.LoginTest" tests="1" time="0.014" ignored="0" failures="0" timestamp="19 Apr 2018 05:40:15 GMT" skipped="0" hostname="DESKTOP-CJGNUEH" errors="0">
  <testcase name="Test" time="0.014" classname="com.qa.test.LoginTest"/>
</testsuite> <!-- com.qa.test.LoginTest -->
